0 info it worked if it ends with ok
1 verbose cli [ 'F:\\Program Files\\nodejs\\node.exe',
1 verbose cli   'F:\\Program Files\\nodejs\\node_modules\\npm\\bin\\npm-cli.js',
1 verbose cli   'install',
1 verbose cli   'normalize.css' ]
2 info using npm@2.14.7
3 info using node@v4.2.3
4 verbose install initial load of G:\WebCode\package.json
5 verbose installManyTop reading scoped package data from G:\WebCode\node_modules\mysql\package.json
6 verbose readDependencies loading dependencies from G:\WebCode\package.json
7 silly cache add args [ 'normalize.css', null ]
8 verbose cache add spec normalize.css
9 silly cache add parsed spec Result {
9 silly cache add   raw: 'normalize.css',
9 silly cache add   scope: null,
9 silly cache add   name: 'normalize.css',
9 silly cache add   rawSpec: '',
9 silly cache add   spec: '*',
9 silly cache add   type: 'range' }
10 silly addNamed normalize.css@*
11 verbose addNamed "*" is a valid semver range for normalize.css
12 silly addNameRange { name: 'normalize.css', range: '*', hasData: false }
13 silly mapToRegistry name normalize.css
14 silly mapToRegistry using default registry
15 silly mapToRegistry registry https://registry.npmjs.org/
16 silly mapToRegistry uri https://registry.npmjs.org/normalize.css
17 verbose addNameRange registry:https://registry.npmjs.org/normalize.css not in flight; fetching
18 verbose request uri https://registry.npmjs.org/normalize.css
19 verbose request no auth needed
20 info attempt registry request try #1 at 16:54:15
21 verbose request id 88d13d42a27eb357
22 http request GET https://registry.npmjs.org/normalize.css
23 info retry will retry, error on last attempt: Error: read ECONNRESET
24 info attempt registry request try #2 at 16:55:32
25 http request GET https://registry.npmjs.org/normalize.css
26 info retry will retry, error on last attempt: Error: read ECONNRESET
27 info attempt registry request try #3 at 16:57:33
28 http request GET https://registry.npmjs.org/normalize.css
29 verbose stack Error: read ECONNRESET
29 verbose stack     at exports._errnoException (util.js:874:11)
29 verbose stack     at TLSWrap.onread (net.js:544:26)
30 verbose cwd G:\WebCode\IFE-7\css
31 error Windows_NT 10.0.10586
32 error argv "F:\\Program Files\\nodejs\\node.exe" "F:\\Program Files\\nodejs\\node_modules\\npm\\bin\\npm-cli.js" "install" "normalize.css"
33 error node v4.2.3
34 error npm  v2.14.7
35 error code ECONNRESET
36 error errno ECONNRESET
37 error syscall read
38 error network read ECONNRESET
38 error network This is most likely not a problem with npm itself
38 error network and is related to network connectivity.
38 error network In most cases you are behind a proxy or have bad network settings.
38 error network
38 error network If you are behind a proxy, please make sure that the
38 error network 'proxy' config is set properly.  See: 'npm help config'
39 verbose exit [ 1, true ]
